{"level":"info","message":"[Node.js only] ENV_VARIABLE: server_only_variable"}
{"level":"info","message":"[Node.js only] ENV_LOCAL_VARIABLE: server_only_variable_from_env_local"}
{"level":"info","message":"[Node.js only] ENV_VARIABLE: server_only_variable"}
{"level":"info","message":"[Node.js only] ENV_LOCAL_VARIABLE: server_only_variable_from_env_local"}
{"level":"info","message":"[Node.js only] ENV_VARIABLE: server_only_variable"}
{"level":"info","message":"[Node.js only] ENV_LOCAL_VARIABLE: server_only_variable_from_env_local"}
{"level":"info","message":"\n            ---------------------------------\n            Successfully connected to mongodb\n            ---------------------------------\n          "}
{"level":"info","message":"[Node.js only] ENV_VARIABLE: server_only_variable"}
{"level":"info","message":"[Node.js only] ENV_LOCAL_VARIABLE: server_only_variable_from_env_local"}
{"level":"info","message":"Successfully connected to mongodb"}
{"level":"info","message":"[Node.js only] ENV_VARIABLE: server_only_variable"}
{"level":"info","message":"[Node.js only] ENV_LOCAL_VARIABLE: server_only_variable_from_env_local"}
{"level":"info","message":"[Node.js only] ENV_VARIABLE: server_only_variable"}
{"level":"info","message":"[Node.js only] ENV_LOCAL_VARIABLE: server_only_variable_from_env_local"}
{"level":"info","message":"[Node.js only] ENV_VARIABLE: server_only_variable"}
{"level":"info","message":"[Node.js only] ENV_LOCAL_VARIABLE: server_only_variable_from_env_local"}
{"level":"info","message":"[Node.js only] ENV_VARIABLE: server_only_variable"}
{"level":"info","message":"[Node.js only] ENV_LOCAL_VARIABLE: server_only_variable_from_env_local"}
{"level":"info","message":"[Node.js only] ENV_VARIABLE: server_only_variable"}
{"level":"info","message":"[Node.js only] ENV_LOCAL_VARIABLE: server_only_variable_from_env_local"}
{"level":"info","message":"[Node.js only] ENV_VARIABLE: server_only_variable"}
{"level":"info","message":"[Node.js only] ENV_LOCAL_VARIABLE: server_only_variable_from_env_local"}
{"level":"info","message":"Successfully connected to mongodb"}
{"level":"info","message":"[Node.js only] ENV_VARIABLE: server_only_variable"}
{"level":"info","message":"[Node.js only] ENV_LOCAL_VARIABLE: server_only_variable_from_env_local"}
{"message":"DB is already connected","level":"debug"}
{"level":"info","message":"Successfully connected to mongodb"}
{"message":"DB is already connected","level":"debug"}
